#
# A fatal error has been detected by the Java Runtime Environment:
#
#  Internal Error (javaCalls.cpp:62), pid=9916, tid=11028
#  guarantee(thread->is_Java_thread()) failed: crucial check - the VM thread cannot and must not escape to Java code
#
# JRE version: Java(TM) SE Runtime Environment (7.0_51-b13) (build 1.7.0_51-b13)
# Java VM: Java HotSpot(TM) Client VM (24.51-b03 mixed mode windows-x86 )
# Failed to write core dump. Minidumps are not enabled by default on client versions of Windows
#
# If you would like to submit a bug report, please visit:
#   http://bugreport.sun.com/bugreport/crash.jsp
#

---------------  T H R E A D  ---------------

Current thread (0x17be0800):  VMThread [stack: 0x17f70000,0x17fc0000] [id=11028]

Stack: [0x17f70000,0x17fc0000],  sp=0x17fbee40,  free space=315k
Native frames: (J=compiled Java code, j=interpreted, Vv=VM code, C=native code)
V  [jvm.dll+0x18e0f1]
V  [jvm.dll+0x187e25]
V  [jvm.dll+0x13ebde]
V  [jvm.dll+0x13f322]
V  [jvm.dll+0x202c6e]
V  [jvm.dll+0x13f6fe]
V  [jvm.dll+0x18878f]
V  [jvm.dll+0x188b14]
V  [jvm.dll+0x188cda]
V  [jvm.dll+0x188d26]
V  [jvm.dll+0x9b3fe]
V  [jvm.dll+0x9c421]
V  [jvm.dll+0x9cb54]
V  [jvm.dll+0x9d95c]
V  [jvm.dll+0x9daf2]
V  [jvm.dll+0x7206f]
V  [jvm.dll+0x723e0]
V  [jvm.dll+0x7274c]
V  [jvm.dll+0x9e1f7]
V  [jvm.dll+0xb728a]
V  [jvm.dll+0x161dff]
V  [jvm.dll+0x1109a5]
V  [jvm.dll+0x16636b]
V  [jvm.dll+0x165771]
V  [jvm.dll+0x165b87]
V  [jvm.dll+0x165d82]
V  [jvm.dll+0x1a4b79]
C  [msvcr100.dll+0x5c556]
C  [msvcr100.dll+0x5c600]
C  [kernel32.dll+0x4ed5c]
C  [ntdll.dll+0x637eb]
C  [ntdll.dll+0x637be]

VM_Operation (0x1847f3ec): GetOrSetLocal, mode: safepoint, requested by thread 0x17c27c00


---------------  P R O C E S S  ---------------

Java Threads: ( => current thread )
  0x17d13000 JavaThread "ReaderThread" [_thread_in_native, id=8516, stack(0x17f00000,0x17f50000)]
  0x17c4e800 JavaThread "Service Thread" daemon [_thread_blocked, id=9992, stack(0x18350000,0x183a0000)]
  0x17c42800 JavaThread "C1 CompilerThread0" daemon [_thread_blocked, id=5656, stack(0x180d0000,0x18120000)]
  0x17c34000 JavaThread "JDWP Command Reader" daemon [_thread_in_native, id=8364, stack(0x18120000,0x18170000)]
  0x17c30000 JavaThread "JDWP Event Helper Thread" daemon [_thread_blocked, id=10628, stack(0x18500000,0x18550000)]
  0x17c27c00 JavaThread "JDWP Transport Listener: dt_socket" daemon [_thread_blocked, id=10984, stack(0x18430000,0x18480000)]
  0x17c22400 JavaThread "Attach Listener" daemon [_thread_blocked, id=10880, stack(0x181b0000,0x18200000)]
  0x17bfd000 JavaThread "Signal Dispatcher" daemon [_thread_blocked, id=8584, stack(0x18070000,0x180c0000)]
  0x17be8400 JavaThread "Finalizer" daemon [_thread_blocked, id=10272, stack(0x17ff0000,0x18040000)]
  0x17be2400 JavaThread "Reference Handler" daemon [_thread_blocked, id=9180, stack(0x17e30000,0x17e80000)]
  0x008fc800 JavaThread "main" [_thread_blocked, id=10640, stack(0x00860000,0x008b0000)]

Other Threads:
=>0x17be0800 VMThread [stack: 0x17f70000,0x17fc0000] [id=11028]
  0x17c57800 WatcherThread [stack: 0x183c0000,0x18410000] [id=8356]

VM state:at safepoint (normal execution)

VM Mutex/Monitor currently owned by a thread:  ([mutex/lock_event])
[0x008fab50] Threads_lock - owner thread: 0x17be0800

Heap
 def new generation   total 4928K, used 1098K [0x03b20000, 0x04070000, 0x09070000)
  eden space 4416K,  13% used [0x03b20000, 0x03bb2998, 0x03f70000)
  from space 512K, 100% used [0x03f70000, 0x03ff0000, 0x03ff0000)
  to   space 512K,   0% used [0x03ff0000, 0x03ff0000, 0x04070000)
 tenured generation   total 10944K, used 3621K [0x09070000, 0x09b20000, 0x13b20000)
   the space 10944K,  33% used [0x09070000, 0x093f9500, 0x093f9600, 0x09b20000)
 compacting perm gen  total 12288K, used 4138K [0x13b20000, 0x14720000, 0x17b20000)
   the space 12288K,  33% used [0x13b20000, 0x13f2ab40, 0x13f2ac00, 0x14720000)
No shared spaces configured.

Card table byte_map: [0x17b20000,0x17bd0000] byte_map_base: 0x17b02700

Polling page: 0x00120000

Code Cache  [0x01b20000, 0x01c60000, 0x03b20000)
 total_blobs=477 nmethods=324 adapters=98 free_code_cache=31525Kb largest_free_block=32275968

Compilation events (10 events):
Event: 4.535 Thread 0x17c42800  323             java.util.regex.Pattern::sequence (553 bytes)
Event: 4.537 Thread 0x17c42800 nmethod 323 0x01c55f88 code [0x01c56250, 0x01c56fcc]
Event: 4.537 Thread 0x17c42800  324             java.util.LinkedHashMap$LinkedHashIterator::hasNext (20 bytes)
Event: 4.537 Thread 0x17c42800 nmethod 324 0x01be8448 code [0x01be8540, 0x01be85e0]
Event: 4.537 Thread 0x17c42800  325             org.jsoup.nodes.Element::hasClass (48 bytes)
Event: 4.537 Thread 0x17c42800 nmethod 325 0x01be7bc8 code [0x01be7d10, 0x01be7e8c]
Event: 16.871 Thread 0x17c42800  326             org.jsoup.nodes.Element::tag (5 bytes)
Event: 16.872 Thread 0x17c42800 nmethod 326 0x01be8288 code [0x01be8380, 0x01be8400]
Event: 103.710 Thread 0x17c42800  327             org.jsoup.nodes.Element::parent (8 bytes)
Event: 103.710 Thread 0x17c42800 nmethod 327 0x01be79c8 code [0x01be7ac0, 0x01be7b60]

GC Heap History (8 events):
Event: 3.296 GC heap before
{Heap before GC invocations=0 (full 0):
 def new generation   total 4928K, used 4416K [0x03b20000, 0x04070000, 0x09070000)
  eden space 4416K, 100% used [0x03b20000, 0x03f70000, 0x03f70000)
  from space 512K,   0% used [0x03f70000, 0x03f70000, 0x03ff0000)
  to   space 512K,   0% used [0x03ff0000, 0x03ff0000, 0x04070000)
 tenured generation   total 10944K, used 0K [0x09070000, 0x09b20000, 0x13b20000)
   the space 10944K,   0% used [0x09070000, 0x09070000, 0x09070200, 0x09b20000)
 compacting perm gen  total 12288K, used 2643K [0x13b20000, 0x14720000, 0x17b20000)
   the space 12288K,  21% used [0x13b20000, 0x13db4ed0, 0x13db5000, 0x14720000)
No shared spaces configured.
Event: 3.300 GC heap after
Heap after GC invocations=1 (full 0):
 def new generation   total 4928K, used 512K [0x03b20000, 0x04070000, 0x09070000)
  eden space 4416K,   0% used [0x03b20000, 0x03b20000, 0x03f70000)
  from space 512K, 100% used [0x03ff0000, 0x04070000, 0x04070000)
  to   space 512K,   0% used [0x03f70000, 0x03f70000, 0x03ff0000)
 tenured generation   total 10944K, used 568K [0x09070000, 0x09b20000, 0x13b20000)
   the space 10944K,   5% used [0x09070000, 0x090fe310, 0x090fe400, 0x09b20000)
 compacting perm gen  total 12288K, used 2643K [0x13b20000, 0x14720000, 0x17b20000)
   the space 12288K,  21% used [0x13b20000, 0x13db4ed0, 0x13db5000, 0x14720000)
No shared spaces configured.
}
Event: 4.058 GC heap before
{Heap before GC invocations=1 (full 0):
 def new generation   total 4928K, used 4928K [0x03b20000, 0x04070000, 0x09070000)
  eden space 4416K, 100% used [0x03b20000, 0x03f70000, 0x03f70000)
  from space 512K, 100% used [0x03ff0000, 0x04070000, 0x04070000)
  to   space 512K,   0% used [0x03f70000, 0x03f70000, 0x03ff0000)
 tenured generation   total 10944K, used 568K [0x09070000, 0x09b20000, 0x13b20000)
   the space 10944K,   5% used [0x09070000, 0x090fe310, 0x090fe400, 0x09b20000)
 compacting perm gen  total 12288K, used 3741K [0x13b20000, 0x14720000, 0x17b20000)
   the space 12288K,  30% used [0x13b20000, 0x13ec76c0, 0x13ec7800, 0x14720000)
No shared spaces configured.
Event: 4.062 GC heap after
Heap after GC invocations=2 (full 0):
 def new generation   total 4928K, used 512K [0x03b20000, 0x04070000, 0x09070000)
  eden space 4416K,   0% used [0x03b20000, 0x03b20000, 0x03f70000)
  from space 512K, 100% used [0x03f70000, 0x03ff0000, 0x03ff0000)
  to   space 512K,   0% used [0x03ff0000, 0x03ff0000, 0x04070000)
 tenured generation   total 10944K, used 1491K [0x09070000, 0x09b20000, 0x13b20000)
   the space 10944K,  13% used [0x09070000, 0x091e4ca0, 0x091e4e00, 0x09b20000)
 compacting perm gen  total 12288K, used 3741K [0x13b20000, 0x14720000, 0x17b20000)
   the space 12288K,  30% used [0x13b20000, 0x13ec76c0, 0x13ec7800, 0x14720000)
No shared spaces configured.
}
Event: 4.260 GC heap before
{Heap before GC invocations=2 (full 0):
 def new generation   total 4928K, used 4928K [0x03b20000, 0x04070000, 0x09070000)
  eden space 4416K, 100% used [0x03b20000, 0x03f70000, 0x03f70000)
  from space 512K, 100% used [0x03f70000, 0x03ff0000, 0x03ff0000)
  to   space 512K,   0% used [0x03ff0000, 0x03ff0000, 0x04070000)
 tenured generation   total 10944K, used 1491K [0x09070000, 0x09b20000, 0x13b20000)
   the space 10944K,  13% used [0x09070000, 0x091e4ca0, 0x091e4e00, 0x09b20000)
 compacting perm gen  total 12288K, used 4063K [0x13b20000, 0x14720000, 0x17b20000)
   the space 12288K,  33% used [0x13b20000, 0x13f17fa8, 0x13f18000, 0x14720000)
No shared spaces configured.
Event: 4.268 GC heap after
Heap after GC invocations=3 (full 0):
 def new generation   total 4928K, used 512K [0x03b20000, 0x04070000, 0x09070000)
  eden space 4416K,   0% used [0x03b20000, 0x03b20000, 0x03f70000)
  from space 512K, 100% used [0x03ff0000, 0x04070000, 0x04070000)
  to   space 512K,   0% used [0x03f70000, 0x03f70000, 0x03ff0000)
 tenured generation   total 10944K, used 2889K [0x09070000, 0x09b20000, 0x13b20000)
   the space 10944K,  26% used [0x09070000, 0x09342668, 0x09342800, 0x09b20000)
 compacting perm gen  total 12288K, used 4063K [0x13b20000, 0x14720000, 0x17b20000)
   the space 12288K,  33% used [0x13b20000, 0x13f17fa8, 0x13f18000, 0x14720000)
No shared spaces configured.
}
Event: 4.525 GC heap before
{Heap before GC invocations=3 (full 0):
 def new generation   total 4928K, used 4928K [0x03b20000, 0x04070000, 0x09070000)
  eden space 4416K, 100% used [0x03b20000, 0x03f70000, 0x03f70000)
  from space 512K, 100% used [0x03ff0000, 0x04070000, 0x04070000)
  to   space 512K,   0% used [0x03f70000, 0x03f70000, 0x03ff0000)
 tenured generation   total 10944K, used 2889K [0x09070000, 0x09b20000, 0x13b20000)
   the space 10944K,  26% used [0x09070000, 0x09342668, 0x09342800, 0x09b20000)
 compacting perm gen  total 12288K, used 4127K [0x13b20000, 0x14720000, 0x17b20000)
   the space 12288K,  33% used [0x13b20000, 0x13f27e18, 0x13f28000, 0x14720000)
No shared spaces configured.
Event: 4.529 GC heap after
Heap after GC invocations=4 (full 0):
 def new generation   total 4928K, used 512K [0x03b20000, 0x04070000, 0x09070000)
  eden space 4416K,   0% used [0x03b20000, 0x03b20000, 0x03f70000)
  from space 512K, 100% used [0x03f70000, 0x03ff0000, 0x03ff0000)
  to   space 512K,   0% used [0x03ff0000, 0x03ff0000, 0x04070000)
 tenured generation   total 10944K, used 3621K [0x09070000, 0x09b20000, 0x13b20000)
   the space 10944K,  33% used [0x09070000, 0x093f9500, 0x093f9600, 0x09b20000)
 compacting perm gen  total 12288K, used 4127K [0x13b20000, 0x14720000, 0x17b20000)
   the space 12288K,  33% used [0x13b20000, 0x13f27e18, 0x13f28000, 0x14720000)
No shared spaces configured.
}

Deoptimization events (0 events):
No events

Internal exceptions (10 events):
Event: 4.282 Thread 0x008fc800 Threw 0x03b77cf0 at C:\re\jdk7u51\527\hotspot\src\share\vm\prims\jvm.cpp:1244
Event: 4.283 Thread 0x008fc800 Threw 0x03b7b6e8 at C:\re\jdk7u51\527\hotspot\src\share\vm\prims\jvm.cpp:1244
Event: 4.286 Thread 0x008fc800 Threw 0x03b7f430 at C:\re\jdk7u51\527\hotspot\src\share\vm\prims\jvm.cpp:1244
Event: 4.289 Thread 0x008fc800 Threw 0x03b93558 at C:\re\jdk7u51\527\hotspot\src\share\vm\prims\jvm.cpp:1244
Event: 4.291 Thread 0x008fc800 Threw 0x03baf620 at C:\re\jdk7u51\527\hotspot\src\share\vm\prims\jvm.cpp:1244
Event: 4.312 Thread 0x008fc800 Threw 0x03bb2618 at C:\re\jdk7u51\527\hotspot\src\share\vm\prims\jvm.cpp:1244
Event: 4.313 Thread 0x008fc800 Threw 0x03bb4798 at C:\re\jdk7u51\527\hotspot\src\share\vm\prims\jvm.cpp:1244
Event: 4.323 Thread 0x008fc800 Threw 0x03bbfec8 at C:\re\jdk7u51\527\hotspot\src\share\vm\prims\jvm.cpp:1244
Event: 4.410 Thread 0x008fc800 Threw 0x03d8cec0 at C:\re\jdk7u51\527\hotspot\src\share\vm\prims\jvm.cpp:1244
Event: 4.411 Thread 0x008fc800 Threw 0x03d92728 at C:\re\jdk7u51\527\hotspot\src\share\vm\prims\jvm.cpp:1244

Events (10 events):
Event: 115.700 Executing VM operation: ChangeBreakpoints done
Event: 115.789 Executing VM operation: EnterInterpOnlyMode
Event: 115.789 Executing VM operation: EnterInterpOnlyMode done
Event: 115.789 Executing VM operation: GetCurrentLocation
Event: 115.790 Executing VM operation: GetCurrentLocation done
Event: 115.790 Executing VM operation: ChangeSingleStep
Event: 115.790 Executing VM operation: ChangeSingleStep done
Event: 115.790 Executing VM operation: ChangeSingleStep
Event: 115.791 Executing VM operation: ChangeSingleStep done
Event: 115.890 Executing VM operation: GetOrSetLocal


Dynamic libraries:
0x00910000 - 0x0093f000 	C:\Program Files\Java\jdk1.7.0_51\bin\javaw.exe
0x76f00000 - 0x7703c000 	C:\Windows\SYSTEM32\ntdll.dll
0x75280000 - 0x75354000 	C:\Windows\system32\kernel32.dll
0x75220000 - 0x7526b000 	C:\Windows\system32\KERNELBASE.dll
0x76210000 - 0x762b0000 	C:\Windows\system32\ADVAPI32.dll
0x75ef0000 - 0x75f9c000 	C:\Windows\system32\msvcrt.dll
0x77040000 - 0x77059000 	C:\Windows\SYSTEM32\sechost.dll
0x75e40000 - 0x75ee2000 	C:\Windows\system32\RPCRT4.dll
0x75390000 - 0x75459000 	C:\Windows\system32\USER32.dll
0x75df0000 - 0x75e3e000 	C:\Windows\system32\GDI32.dll
0x77070000 - 0x7707a000 	C:\Windows\system32\LPK.dll
0x75bf0000 - 0x75c8d000 	C:\Windows\system32\USP10.dll
0x73db0000 - 0x73f4e000 	C:\Windows\WinSxS\x86_microsoft.windows.common-controls_6595b64144ccf1df_6.0.7601.17514_none_41e6975e2bd6f2b2\COMCTL32.dll
0x770d0000 - 0x77127000 	C:\Windows\system32\SHLWAPI.dll
0x758e0000 - 0x758ff000 	C:\Windows\system32\IMM32.DLL
0x75fa0000 - 0x7606c000 	C:\Windows\system32\MSCTF.dll
0x6bb70000 - 0x6bc2f000 	C:\Program Files\Java\jdk1.7.0_51\jre\bin\msvcr100.dll
0x6ae10000 - 0x6b190000 	C:\Program Files\Java\jdk1.7.0_51\jre\bin\client\jvm.dll
0x707a0000 - 0x707a7000 	C:\Windows\system32\WSOCK32.dll
0x75990000 - 0x759c5000 	C:\Windows\system32\WS2_32.dll
0x75270000 - 0x75276000 	C:\Windows\system32\NSI.dll
0x73810000 - 0x73842000 	C:\Windows\system32\WINMM.dll
0x75980000 - 0x75985000 	C:\Windows\system32\PSAPI.DLL
0x73550000 - 0x7355c000 	C:\Program Files\Java\jdk1.7.0_51\jre\bin\verify.dll
0x71c40000 - 0x71c60000 	C:\Program Files\Java\jdk1.7.0_51\jre\bin\java.dll
0x69e90000 - 0x69eba000 	C:\Program Files\Java\jdk1.7.0_51\jre\bin\jdwp.dll
0x6e9c0000 - 0x6e9c7000 	C:\Program Files\Java\jdk1.7.0_51\jre\bin\npt.dll
0x71a70000 - 0x71a83000 	C:\Program Files\Java\jdk1.7.0_51\jre\bin\zip.dll
0x6d7f0000 - 0x6d7f8000 	C:\Program Files\Java\jdk1.7.0_51\jre\bin\dt_socket.dll
0x73b50000 - 0x73b60000 	C:\Windows\system32\NLAapi.dll
0x70790000 - 0x707a0000 	C:\Windows\system32\napinsp.dll
0x70770000 - 0x70782000 	C:\Windows\system32\pnrpnsp.dll
0x74940000 - 0x7497c000 	C:\Windows\System32\mswsock.dll
0x74800000 - 0x74844000 	C:\Windows\system32\DNSAPI.dll
0x70760000 - 0x70768000 	C:\Windows\System32\winrnr.dll
0x73660000 - 0x7367c000 	C:\Windows\system32\IPHLPAPI.DLL
0x735e0000 - 0x735e7000 	C:\Windows\system32\WINNSI.DLL
0x73590000 - 0x735c8000 	C:\Windows\System32\fwpuclnt.dll
0x70e40000 - 0x70e46000 	C:\Windows\system32\rasadhlp.dll
0x74490000 - 0x74495000 	C:\Windows\System32\wshtcpip.dll
0x71a50000 - 0x71a64000 	C:\Program Files\Java\jdk1.7.0_51\jre\bin\net.dll
0x74930000 - 0x74936000 	C:\Windows\System32\wship6.dll
0x73400000 - 0x7340f000 	C:\Program Files\Java\jdk1.7.0_51\jre\bin\nio.dll
0x70890000 - 0x7097b000 	C:\Windows\system32\dbghelp.dll

VM Arguments:
jvm_args: -agentlib:jdwp=transport=dt_socket,suspend=y,address=localhost:49433 -Dfile.encoding=UTF-8 
java_command: org.eclipse.jdt.internal.junit.runner.RemoteTestRunner -version 3 -port 49432 -testLoaderClass org.eclipse.jdt.internal.junit4.runner.JUnit4TestLoader -loaderpluginname org.eclipse.jdt.junit4.runtime -testNameFile C:\Users\212\AppData\Local\Temp\testNames3706846095355022994.txt
Launcher Type: SUN_STANDARD

Environment Variables:
JAVA_HOME=C:\Program Files\Java\jdk1.7.0_51\
CLASSPATH= .C:\Program Files\Java\jdk1.7.0_51\\lib;C:\Program Files\Java\jdk1.7.0_51\\lib\tools.jar
PATH=C:\Program Files\Java\jdk1.7.0_51\jre\bin;C:/Program Files/Java/jdk1.7.0_51/bin/../jre/bin/client;C:/Program Files/Java/jdk1.7.0_51/bin/../jre/bin;C:/Program Files/Java/jdk1.7.0_51/bin/../jre/lib/i386;C:\Program Files\Java\jdk1.7.0_51\bin;E:\apache-maven-3.2.1\bin;C:\Program Files\IDM Computer Solutions\UltraEdit\;C:\Program Files\IDM Computer Solutions\UltraCompare\;E:\software\eclipse;
USERNAME=212
OS=Windows_NT
PROCESSOR_IDENTIFIER=x86 Family 6 Model 37 Stepping 5, GenuineIntel



---------------  S Y S T E M  ---------------

OS: Windows 7 Build 7601 Service Pack 1

CPU:total 4 (2 cores per cpu, 2 threads per core) family 6 model 37 stepping 5, cmov, cx8, fxsr, mmx, sse, sse2, sse3, ssse3, sse4.1, sse4.2, popcnt, ht, tsc, tscinvbit

Memory: 4k page, physical 3135860k(688528k free), swap 6269968k(1611212k free)

vm_info: Java HotSpot(TM) Client VM (24.51-b03) for windows-x86 JRE (1.7.0_51-b13), built on Dec 18 2013 19:09:58 by "java_re" with unknown MS VC++:1600

time: Wed Mar 19 09:48:58 2014
elapsed time: 116 seconds

